<?xml version="1.0" encoding="UTF-8"?>
<testng-results skipped="0" failed="1" ignored="0" total="1" passed="0">
  <reporter-output>
  </reporter-output>
  <suite name="Default suite" duration-ms="39279" started-at="2017-10-31T15:23:33Z" finished-at="2017-10-31T15:24:13Z">
    <groups>
    </groups>
    <test name="Default test" duration-ms="39279" started-at="2017-10-31T15:23:33Z" finished-at="2017-10-31T15:24:13Z">
      <class name="com.Pages.AnyAut_orange.homepage.TC002_VerifyLoginWithValidData">
        <test-method status="PASS" signature="setUp()[pri:0, instance:com.Pages.AnyAut_orange.homepage.TC002_VerifyLoginWithValidData@589838eb]" name="setUp" is-config="true" duration-ms="14542" started-at="2017-10-31T11:23:33Z" finished-at="2017-10-31T11:23:48Z">
          <reporter-output>
          </reporter-output>
        </test-method> <!-- setUp -->
        <test-method status="FAIL" signature="testValidLogin()[pri:0, instance:com.Pages.AnyAut_orange.homepage.TC002_VerifyLoginWithValidData@589838eb]" name="testValidLogin" duration-ms="23931" started-at="2017-10-31T11:23:48Z" finished-at="2017-10-31T11:24:12Z">
          <exception class="java.lang.AssertionError">
            <message>
              <![CDATA[expected [true] but found [false]]]>
            </message>
            <full-stacktrace>
              <![CDATA[java.lang.AssertionError: expected [true] but found [false]
	at org.testng.Assert.fail(Assert.java:94)
	at org.testng.Assert.failNotEquals(Assert.java:513)
	at org.testng.Assert.assertEqualsImpl(Assert.java:135)
	at org.testng.Assert.assertEquals(Assert.java:116)
	at org.testng.Assert.assertEquals(Assert.java:305)
	at org.testng.Assert.assertEquals(Assert.java:315)
	at com.Pages.AnyAut_orange.homepage.TC002_VerifyLoginWithValidData.testValidLogin(TC002_VerifyLoginWithValidData.java:25)
	at sun.reflect.NativeMethodAccessorImpl.invoke0(Native Method)
	at sun.reflect.NativeMethodAccessorImpl.invoke(Unknown Source)
	at sun.reflect.DelegatingMethodAccessorImpl.invoke(Unknown Source)
	at java.lang.reflect.Method.invoke(Unknown Source)
	at org.testng.internal.MethodInvocationHelper.invokeMethod(MethodInvocationHelper.java:104)
	at org.testng.internal.Invoker.invokeMethod(Invoker.java:645)
	at org.testng.internal.Invoker.invokeTestMethod(Invoker.java:851)
	at org.testng.internal.Invoker.invokeTestMethods(Invoker.java:1177)
	at org.testng.internal.TestMethodWorker.invokeTestMethods(TestMethodWorker.java:129)
	at org.testng.internal.TestMethodWorker.run(TestMethodWorker.java:112)
	at org.testng.TestRunner.privateRun(TestRunner.java:756)
	at org.testng.TestRunner.run(TestRunner.java:610)
	at org.testng.SuiteRunner.runTest(SuiteRunner.java:387)
	at org.testng.SuiteRunner.runSequentially(SuiteRunner.java:382)
	at org.testng.SuiteRunner.privateRun(SuiteRunner.java:340)
	at org.testng.SuiteRunner.run(SuiteRunner.java:289)
	at org.testng.SuiteRunnerWorker.runSuite(SuiteRunnerWorker.java:52)
	at org.testng.SuiteRunnerWorker.run(SuiteRunnerWorker.java:86)
	at org.testng.TestNG.runSuitesSequentially(TestNG.java:1293)
	at org.testng.TestNG.runSuitesLocally(TestNG.java:1218)
	at org.testng.TestNG.runSuites(TestNG.java:1133)
	at org.testng.TestNG.run(TestNG.java:1104)
	at org.testng.remote.AbstractRemoteTestNG.run(AbstractRemoteTestNG.java:114)
	at org.testng.remote.RemoteTestNG.initAndRun(RemoteTestNG.java:251)
	at org.testng.remote.RemoteTestNG.main(RemoteTestNG.java:77)
]]>
            </full-stacktrace>
          </exception> <!-- java.lang.AssertionError -->
          <reporter-output>
          </reporter-output>
        </test-method> <!-- testValidLogin -->
        <test-method status="PASS" signature="endTest()[pri:0, instance:com.Pages.AnyAut_orange.homepage.TC002_VerifyLoginWithValidData@589838eb]" name="endTest" is-config="true" duration-ms="775" started-at="2017-10-31T11:24:12Z" finished-at="2017-10-31T11:24:13Z">
          <reporter-output>
          </reporter-output>
        </test-method> <!-- endTest -->
      </class> <!-- com.Pages.AnyAut_orange.homepage.TC002_VerifyLoginWithValidData -->
    </test> <!-- Default test -->
  </suite> <!-- Default suite -->
</testng-results>
